e:\oldnew\2ndyear2\basicgraphics\exam\raycasting\raycasting\x64\release\vc142.pdb
e:\oldnew\2ndyear2\basicgraphics\exam\raycasting\raycasting\x64\release\scene_parser.obj
e:\oldnew\2ndyear2\basicgraphics\exam\raycasting\raycasting\x64\release\pathtracing.obj
e:\oldnew\2ndyear2\basicgraphics\exam\raycasting\raycasting\x64\release\mesh.obj
e:\oldnew\2ndyear2\basicgraphics\exam\raycasting\raycasting\x64\release\main.obj
e:\oldnew\2ndyear2\basicgraphics\exam\raycasting\raycasting\x64\release\image.obj
e:\oldnew\2ndyear2\basicgraphics\exam\raycasting\raycasting\x64\release\vector4f.obj
e:\oldnew\2ndyear2\basicgraphics\exam\raycasting\raycasting\x64\release\vector3f.obj
e:\oldnew\2ndyear2\basicgraphics\exam\raycasting\raycasting\x64\release\vector3d.obj
e:\oldnew\2ndyear2\basicgraphics\exam\raycasting\raycasting\x64\release\vector2f.obj
e:\oldnew\2ndyear2\basicgraphics\exam\raycasting\raycasting\x64\release\vector2d.obj
e:\oldnew\2ndyear2\basicgraphics\exam\raycasting\raycasting\x64\release\quat4f.obj
e:\oldnew\2ndyear2\basicgraphics\exam\raycasting\raycasting\x64\release\matrix4f.obj
e:\oldnew\2ndyear2\basicgraphics\exam\raycasting\raycasting\x64\release\matrix3f.obj
e:\oldnew\2ndyear2\basicgraphics\exam\raycasting\raycasting\x64\release\matrix3d.obj
e:\oldnew\2ndyear2\basicgraphics\exam\raycasting\raycasting\x64\release\matrix2f.obj
e:\oldnew\2ndyear2\basicgraphics\exam\raycasting\raycasting\x64\release\matrix2d.obj
e:\oldnew\2ndyear2\basicgraphics\exam\raycasting\x64\release\pathtracing.exe
e:\oldnew\2ndyear2\basicgraphics\exam\raycasting\x64\release\pathtracing.pdb
e:\oldnew\2ndyear2\basicgraphics\exam\raycasting\x64\release\pathtracing.ipdb
e:\oldnew\2ndyear2\basicgraphics\exam\raycasting\x64\release\pathtracing.iobj
e:\oldnew\2ndyear2\basicgraphics\exam\raycasting\raycasting\x64\release\pathtracing.tlog\cl.command.1.tlog
e:\oldnew\2ndyear2\basicgraphics\exam\raycasting\raycasting\x64\release\pathtracing.tlog\cl.read.1.tlog
e:\oldnew\2ndyear2\basicgraphics\exam\raycasting\raycasting\x64\release\pathtracing.tlog\cl.write.1.tlog
e:\oldnew\2ndyear2\basicgraphics\exam\raycasting\raycasting\x64\release\pathtracing.tlog\link.command.1.tlog
e:\oldnew\2ndyear2\basicgraphics\exam\raycasting\raycasting\x64\release\pathtracing.tlog\link.read.1.tlog
e:\oldnew\2ndyear2\basicgraphics\exam\raycasting\raycasting\x64\release\pathtracing.tlog\link.write.1.tlog
e:\oldnew\2ndyear2\basicgraphics\exam\raycasting\raycasting\x64\release\pathtracing.tlog\pathtracing.write.1u.tlog
