e:\oldnew\2ndyear2\basicgraphics\pa1.raycasting\raycasting\raycasting\x64\release\vc142.pdb
e:\oldnew\2ndyear2\basicgraphics\pa1.raycasting\raycasting\raycasting\x64\release\scene_parser.obj
e:\oldnew\2ndyear2\basicgraphics\pa1.raycasting\raycasting\raycasting\x64\release\mesh.obj
e:\oldnew\2ndyear2\basicgraphics\pa1.raycasting\raycasting\raycasting\x64\release\main.obj
e:\oldnew\2ndyear2\basicgraphics\pa1.raycasting\raycasting\raycasting\x64\release\image.obj
e:\oldnew\2ndyear2\basicgraphics\pa1.raycasting\raycasting\raycasting\x64\release\vector4f.obj
e:\oldnew\2ndyear2\basicgraphics\pa1.raycasting\raycasting\raycasting\x64\release\vector3f.obj
e:\oldnew\2ndyear2\basicgraphics\pa1.raycasting\raycasting\raycasting\x64\release\vector2f.obj
e:\oldnew\2ndyear2\basicgraphics\pa1.raycasting\raycasting\raycasting\x64\release\quat4f.obj
e:\oldnew\2ndyear2\basicgraphics\pa1.raycasting\raycasting\raycasting\x64\release\matrix4f.obj
e:\oldnew\2ndyear2\basicgraphics\pa1.raycasting\raycasting\raycasting\x64\release\matrix3f.obj
e:\oldnew\2ndyear2\basicgraphics\pa1.raycasting\raycasting\raycasting\x64\release\matrix2f.obj
e:\oldnew\2ndyear2\basicgraphics\pa1.raycasting\raycasting\x64\release\raycasting.exe
e:\oldnew\2ndyear2\basicgraphics\pa1.raycasting\raycasting\x64\release\raycasting.pdb
e:\oldnew\2ndyear2\basicgraphics\pa1.raycasting\raycasting\x64\release\raycasting.ipdb
e:\oldnew\2ndyear2\basicgraphics\pa1.raycasting\raycasting\x64\release\raycasting.iobj
e:\oldnew\2ndyear2\basicgraphics\exam\raycasting\raycasting\x64\release\image.obj
e:\oldnew\2ndyear2\basicgraphics\exam\raycasting\raycasting\x64\release\main.obj
e:\oldnew\2ndyear2\basicgraphics\exam\raycasting\raycasting\x64\release\matrix2f.obj
e:\oldnew\2ndyear2\basicgraphics\exam\raycasting\raycasting\x64\release\matrix3f.obj
e:\oldnew\2ndyear2\basicgraphics\exam\raycasting\raycasting\x64\release\matrix4f.obj
e:\oldnew\2ndyear2\basicgraphics\exam\raycasting\raycasting\x64\release\mesh.obj
e:\oldnew\2ndyear2\basicgraphics\exam\raycasting\raycasting\x64\release\quat4f.obj
e:\oldnew\2ndyear2\basicgraphics\exam\raycasting\raycasting\x64\release\scene_parser.obj
e:\oldnew\2ndyear2\basicgraphics\exam\raycasting\raycasting\x64\release\vector2f.obj
e:\oldnew\2ndyear2\basicgraphics\exam\raycasting\raycasting\x64\release\vector3f.obj
e:\oldnew\2ndyear2\basicgraphics\exam\raycasting\raycasting\x64\release\vector4f.obj
e:\oldnew\2ndyear2\basicgraphics\exam\raycasting\raycasting\x64\release\vc142.pdb
e:\oldnew\2ndyear2\basicgraphics\exam\raycasting\x64\release\raycasting.pdb
e:\oldnew\2ndyear2\basicgraphics\exam\raycasting\x64\release\raycasting.exe
e:\oldnew\2ndyear2\basicgraphics\exam\raycasting\raycasting\x64\release\raycasting.tlog\cl.command.1.tlog
e:\oldnew\2ndyear2\basicgraphics\exam\raycasting\raycasting\x64\release\raycasting.tlog\cl.read.1.tlog
e:\oldnew\2ndyear2\basicgraphics\exam\raycasting\raycasting\x64\release\raycasting.tlog\cl.write.1.tlog
e:\oldnew\2ndyear2\basicgraphics\exam\raycasting\raycasting\x64\release\raycasting.tlog\link.command.1.tlog
e:\oldnew\2ndyear2\basicgraphics\exam\raycasting\raycasting\x64\release\raycasting.tlog\link.read.1.tlog
e:\oldnew\2ndyear2\basicgraphics\exam\raycasting\raycasting\x64\release\raycasting.tlog\link.write.1.tlog
e:\oldnew\2ndyear2\basicgraphics\exam\raycasting\raycasting\x64\release\raycasting.tlog\raycasting.write.1u.tlog
