e:\oldnew\2ndyear2\basicgraphics\exam\raycasting\raycasting\x64\debug\vc142.pdb
e:\oldnew\2ndyear2\basicgraphics\exam\raycasting\raycasting\x64\debug\vc142.idb
e:\oldnew\2ndyear2\basicgraphics\exam\raycasting\raycasting\x64\debug\scene_parser.obj
e:\oldnew\2ndyear2\basicgraphics\exam\raycasting\raycasting\x64\debug\pathtracing.obj
e:\oldnew\2ndyear2\basicgraphics\exam\raycasting\raycasting\x64\debug\mesh.obj
e:\oldnew\2ndyear2\basicgraphics\exam\raycasting\raycasting\x64\debug\main.obj
e:\oldnew\2ndyear2\basicgraphics\exam\raycasting\raycasting\x64\debug\image.obj
e:\oldnew\2ndyear2\basicgraphics\exam\raycasting\raycasting\x64\debug\vector4f.obj
e:\oldnew\2ndyear2\basicgraphics\exam\raycasting\raycasting\x64\debug\vector3f.obj
e:\oldnew\2ndyear2\basicgraphics\exam\raycasting\raycasting\x64\debug\vector2f.obj
e:\oldnew\2ndyear2\basicgraphics\exam\raycasting\raycasting\x64\debug\quat4f.obj
e:\oldnew\2ndyear2\basicgraphics\exam\raycasting\raycasting\x64\debug\matrix4f.obj
e:\oldnew\2ndyear2\basicgraphics\exam\raycasting\raycasting\x64\debug\matrix3f.obj
e:\oldnew\2ndyear2\basicgraphics\exam\raycasting\raycasting\x64\debug\matrix2f.obj
e:\oldnew\2ndyear2\basicgraphics\exam\raycasting\x64\debug\pathtracing.exe
e:\oldnew\2ndyear2\basicgraphics\exam\raycasting\x64\debug\pathtracing.ilk
e:\oldnew\2ndyear2\basicgraphics\exam\raycasting\x64\debug\pathtracing.pdb
e:\oldnew\2ndyear2\basicgraphics\exam\raycasting\raycasting\x64\debug\pathtracing.tlog\cl.command.1.tlog
e:\oldnew\2ndyear2\basicgraphics\exam\raycasting\raycasting\x64\debug\pathtracing.tlog\cl.read.1.tlog
e:\oldnew\2ndyear2\basicgraphics\exam\raycasting\raycasting\x64\debug\pathtracing.tlog\cl.write.1.tlog
e:\oldnew\2ndyear2\basicgraphics\exam\raycasting\raycasting\x64\debug\pathtracing.tlog\link.command.1.tlog
e:\oldnew\2ndyear2\basicgraphics\exam\raycasting\raycasting\x64\debug\pathtracing.tlog\link.read.1.tlog
e:\oldnew\2ndyear2\basicgraphics\exam\raycasting\raycasting\x64\debug\pathtracing.tlog\link.write.1.tlog
