C:\Program Files (x86)\Microsoft Visual Studio\2019\Community\MSBuild\Microsoft\VC\v160\Microsoft.CppBuild.targets(467,5): warning MSB8028: 中间目录(x64\Debug\)包含从另一个项目(RayCasting.vcxproj, RayTracing.vcxproj)共享的文件。   这会导致错误的清除和重新生成行为。
  main.cpp
E:\OldNew\2ndYear2\BasicGraphics\EXAM\RayCasting\RayCasting\include\material.hpp(42,15): warning C4244: “初始化”: 从“double”转换到“int”，可能丢失数据
E:\OldNew\2ndYear2\BasicGraphics\EXAM\RayCasting\RayCasting\include\material.hpp(43,15): warning C4244: “初始化”: 从“double”转换到“int”，可能丢失数据
E:\OldNew\2ndYear2\BasicGraphics\EXAM\RayCasting\RayCasting\include\material.hpp(65,59): warning C4244: “参数”: 从“double”转换到“int”，可能丢失数据
E:\OldNew\2ndYear2\BasicGraphics\EXAM\RayCasting\RayCasting\include\material.hpp(65,43): warning C4244: “参数”: 从“double”转换到“int”，可能丢失数据
E:\OldNew\2ndYear2\BasicGraphics\EXAM\RayCasting\RayCasting\src\main.cpp(25,15): warning C4244: “参数”: 从“time_t”转换到“unsigned int”，可能丢失数据
E:\OldNew\2ndYear2\BasicGraphics\EXAM\RayCasting\RayCasting\src\main.cpp(56,19): warning C4244: “初始化”: 从“time_t”转换到“int”，可能丢失数据
  scene_parser.cpp
E:\OldNew\2ndYear2\BasicGraphics\EXAM\RayCasting\RayCasting\include\material.hpp(42,15): warning C4244: “初始化”: 从“double”转换到“int”，可能丢失数据
E:\OldNew\2ndYear2\BasicGraphics\EXAM\RayCasting\RayCasting\include\material.hpp(43,15): warning C4244: “初始化”: 从“double”转换到“int”，可能丢失数据
E:\OldNew\2ndYear2\BasicGraphics\EXAM\RayCasting\RayCasting\include\material.hpp(65,59): warning C4244: “参数”: 从“double”转换到“int”，可能丢失数据
E:\OldNew\2ndYear2\BasicGraphics\EXAM\RayCasting\RayCasting\include\material.hpp(65,43): warning C4244: “参数”: 从“double”转换到“int”，可能丢失数据
E:\OldNew\2ndYear2\BasicGraphics\EXAM\RayCasting\RayCasting\include\triangle.hpp(4,1): warning C4005: “epsilon”: 宏重定义
E:\OldNew\2ndYear2\BasicGraphics\EXAM\RayCasting\RayCasting\include\camera.hpp(11): message : 参见“epsilon”的前一个定义
E:\OldNew\2ndYear2\BasicGraphics\EXAM\RayCasting\RayCasting\include\plane.hpp(4,1): warning C4005: “epsilon”: 宏重定义
E:\OldNew\2ndYear2\BasicGraphics\EXAM\RayCasting\RayCasting\include\triangle.hpp(4): message : 参见“epsilon”的前一个定义
E:\OldNew\2ndYear2\BasicGraphics\EXAM\RayCasting\RayCasting\include\curve.hpp(119,32): warning C4267: “初始化”: 从“size_t”转换到“int”，可能丢失数据
  正在生成代码...
  RayCasting.vcxproj -> E:\OldNew\2ndYear2\BasicGraphics\EXAM\RayCasting\x64\Debug\PathTracing.exe
